<?xml version="1.0" encoding="UTF-8"?>
<testng-results ignored="0" total="1" passed="1" failed="0" skipped="0">
  <reporter-output>
  </reporter-output>
  <suite started-at="2025-05-10T15:27:57 IST" name="Default suite" finished-at="2025-05-10T15:27:57 IST" duration-ms="55">
    <groups>
    </groups>
    <test started-at="2025-05-10T15:27:57 IST" name="Default test" finished-at="2025-05-10T15:27:57 IST" duration-ms="55">
      <class name="sjcit_test.App_test">
        <test-method signature="testlogin2()[pri:0, instance:sjcit_test.App_test@7bab3f1a]" started-at="2025-05-10T15:27:57 IST" name="testlogin2" finished-at="2025-05-10T15:27:57 IST" duration-ms="18" status="PASS">
          <reporter-output>
          </reporter-output>
        </test-method> <!-- testlogin2 -->
      </class> <!-- sjcit_test.App_test -->
    </test> <!-- Default test -->
  </suite> <!-- Default suite -->
</testng-results>
